#
# There is insufficient memory for the Java Runtime Environment to continue.
# Native memory allocation (mmap) failed to map 65536 bytes for Failed to commit metaspace.
# Possible reasons:
#   The system is out of physical RAM or swap space
#   The process is running with CompressedOops enabled, and the Java Heap may be blocking the growth of the native heap
# Possible solutions:
#   Reduce memory load on the system
#   Increase physical memory or swap space
#   Check if swap backing store is full
#   Decrease Java heap size (-Xmx/-Xms)
#   Decrease number of Java threads
#   Decrease Java thread stack sizes (-Xss)
#   Set larger code cache with -XX:ReservedCodeCacheSize=
#   JVM is running with Unscaled Compressed Oops mode in which the Java heap is
#     placed in the first 4GB address space. The Java Heap base address is the
#     maximum limit for the native heap growth. Please use -XX:HeapBaseMinAddress
#     to set the Java Heap base and to place the Java Heap above 4GB virtual address.
# This output file may be truncated or incomplete.
#
#  Out of Memory Error (virtualSpaceNode.cpp:110), pid=2104, tid=20844
#
# JRE version: OpenJDK Runtime Environment Temurin-17.0.3+7 (17.0.3+7) (build 17.0.3+7)
# Java VM: OpenJDK 64-Bit Server VM Temurin-17.0.3+7 (17.0.3+7, mixed mode, emulated-client, tiered, compressed oops, compressed class ptrs, g1 gc, windows-amd64)
# No core dump will be written. Minidumps are not enabled by default on client versions of Windows
#

---------------  S U M M A R Y ------------

Command Line: --add-modules=ALL-SYSTEM --add-exports=jdk.compiler/com.sun.tools.javac.file=ALL-UNNAMED --add-exports=jdk.compiler/com.sun.tools.javac.util=ALL-UNNAMED --add-exports=jdk.compiler/com.sun.tools.javac.comp=ALL-UNNAMED --add-exports=jdk.compiler/com.sun.tools.javac.main=ALL-UNNAMED --add-exports=jdk.compiler/com.sun.tools.javac.tree=ALL-UNNAMED --add-exports=jdk.compiler/com.sun.tools.javac.code=ALL-UNNAMED -Dsts.lsp.client=vscode -Dsts.log.file=/dev/null -XX:TieredStopAtLevel=1 -Dspring.config.location=file:c:\Users\Asus\.vscode\extensions\pivotal.vscode-spring-boot-1.36.0\language-server\BOOT-INF\classes\application.properties org.springframework.ide.vscode.boot.app.BootLanguageServerBootApp

Host: Intel(R) Core(TM) i7-1065G7 CPU @ 1.30GHz, 8 cores, 7G,  Windows 10 , 64 bit Build 19041 (10.0.19041.1202)
Time: Sun Jul 17 10:08:15 2022 Hora est. Pacífico, Sudamérica elapsed time: 7.708833 seconds (0d 0h 0m 7s)

---------------  T H R E A D  ---------------

Current thread (0x0000027f11594680):  JavaThread "background-preinit" [_thread_in_vm, id=20844, stack(0x000000bafcf00000,0x000000bafd000000)]

Stack: [0x000000bafcf00000,0x000000bafd000000]
Native frames: (J=compiled Java code, j=interpreted, Vv=VM code, C=native code)
V  [jvm.dll+0x675efa]
V  [jvm.dll+0x830a24]
V  [jvm.dll+0x8321ce]
V  [jvm.dll+0x832833]
V  [jvm.dll+0x2454b5]
V  [jvm.dll+0x82c9cb]
V  [jvm.dll+0x61ab26]
V  [jvm.dll+0x61ab8a]
V  [jvm.dll+0x61d3aa]
V  [jvm.dll+0x61b4c6]
V  [jvm.dll+0x23ae70]
V  [jvm.dll+0x1eab7d]
V  [jvm.dll+0x1e05b1]
V  [jvm.dll+0x53bb80]
V  [jvm.dll+0x1f0da7]
V  [jvm.dll+0x7aae5b]
V  [jvm.dll+0x7ac202]
V  [jvm.dll+0x413a35]
C  [java.dll+0x1a55]

Java frames: (J=compiled Java code, j=interpreted, Vv=VM code)
J 664  java.lang.ClassLoader.findBootstrapClass(Ljava/lang/String;)Ljava/lang/Class; java.base@17.0.3 (0 bytes) @ 0x0000027f04eccb72 [0x0000027f04eccb20+0x0000000000000052]
J 662 c1 java.lang.System$2.findBootstrapClassOrNull(Ljava/lang/String;)Ljava/lang/Class; java.base@17.0.3 (5 bytes) @ 0x0000027f04ecd024 [0x0000027f04eccfc0+0x0000000000000064]
j  jdk.internal.loader.BootLoader.loadClassOrNull(Ljava/lang/String;)Ljava/lang/Class;+4 java.base@17.0.3
j  jdk.internal.loader.BootLoader.loadClass(Ljava/lang/Module;Ljava/lang/String;)Ljava/lang/Class;+1 java.base@17.0.3
j  java.lang.Class.forName(Ljava/lang/Module;Ljava/lang/String;)Ljava/lang/Class;+87 java.base@17.0.3
j  sun.util.resources.Bundles.findBundleOf(Lsun/util/resources/Bundles$CacheKey;Lsun/util/resources/Bundles$Strategy;Ljava/lang/String;Ljava/util/List;I)Ljava/util/ResourceBundle;+205 java.base@17.0.3
j  sun.util.resources.Bundles.findBundleOf(Lsun/util/resources/Bundles$CacheKey;Lsun/util/resources/Bundles$Strategy;Ljava/lang/String;Ljava/util/List;I)Ljava/util/ResourceBundle;+37 java.base@17.0.3
j  sun.util.resources.Bundles.loadBundleOf(Ljava/lang/String;Ljava/util/Locale;Lsun/util/resources/Bundles$Strategy;)Ljava/util/ResourceBundle;+112 java.base@17.0.3
j  sun.util.resources.Bundles.of(Ljava/lang/String;Ljava/util/Locale;Lsun/util/resources/Bundles$Strategy;)Ljava/util/ResourceBundle;+3 java.base@17.0.3
j  sun.util.resources.LocaleData$1.run()Ljava/util/ResourceBundle;+11 java.base@17.0.3
j  sun.util.resources.LocaleData$1.run()Ljava/lang/Object;+1 java.base@17.0.3
J 1470 c1 java.security.AccessController.doPrivileged(Ljava/security/PrivilegedAction;)Ljava/lang/Object; java.base@17.0.3 (9 bytes) @ 0x0000027f0500537c [0x0000027f05005340+0x000000000000003c]
j  sun.util.resources.LocaleData.getBundle(Ljava/lang/String;Ljava/util/Locale;)Ljava/util/ResourceBundle;+9 java.base@17.0.3
j  sun.util.resources.LocaleData.getDateFormatData(Ljava/util/Locale;)Ljava/util/ResourceBundle;+26 java.base@17.0.3
j  java.text.DateFormatSymbols.initializeData(Ljava/util/Locale;)V+93 java.base@17.0.3
j  java.text.DateFormatSymbols.<init>(Ljava/util/Locale;)V+56 java.base@17.0.3
j  sun.util.locale.provider.DateFormatSymbolsProviderImpl.getInstance(Ljava/util/Locale;)Ljava/text/DateFormatSymbols;+17 java.base@17.0.3
j  java.text.DateFormatSymbols.getProviderInstance(Ljava/util/Locale;)Ljava/text/DateFormatSymbols;+14 java.base@17.0.3
j  java.text.DateFormatSymbols.getInstanceRef(Ljava/util/Locale;)Ljava/text/DateFormatSymbols;+1 java.base@17.0.3
j  java.text.SimpleDateFormat.<init>(Ljava/lang/String;Ljava/util/Locale;)V+53 java.base@17.0.3
j  com.fasterxml.jackson.databind.util.StdDateFormat.<clinit>()V+83
v  ~StubRoutines::call_stub
j  com.fasterxml.jackson.databind.ObjectMapper.<clinit>()V+23
v  ~StubRoutines::call_stub
j  org.springframework.http.converter.json.Jackson2ObjectMapperBuilder.build()Lcom/fasterxml/jackson/databind/ObjectMapper;+79
j  org.springframework.http.converter.json.MappingJackson2HttpMessageConverter.<init>()V+4
j  org.springframework.http.converter.support.AllEncompassingFormHttpMessageConverter.<init>()V+53
j  org.springframework.boot.autoconfigure.BackgroundPreinitializer$MessageConverterInitializer.run()V+4
j  org.springframework.boot.autoconfigure.BackgroundPreinitializer$1.runSafely(Ljava/lang/Runnable;)V+1
j  org.springframework.boot.autoconfigure.BackgroundPreinitializer$1.run()V+33
j  java.lang.Thread.run()V+11 java.base@17.0.3
v  ~StubRoutines::call_stub

---------------  P R O C E S S  ---------------

Threads class SMR info:
_java_thread_list=0x0000027f11510470, length=12, elements={
0x0000027f020499e0, 0x0000027f0f2fbc10, 0x0000027f0f2fc6d0, 0x0000027f0f326c60,
0x0000027f0f327620, 0x0000027f0fd26490, 0x0000027f0fd29160, 0x0000027f0fd29a20,
0x0000027f0fd2a320, 0x0000027f0f294740, 0x0000027f0ff73970, 0x0000027f11594680
}

Java Threads: ( => current thread )
  0x0000027f020499e0 JavaThread "main" [_thread_blocked, id=3428, stack(0x000000bafb600000,0x000000bafb700000)]
  0x0000027f0f2fbc10 JavaThread "Reference Handler" daemon [_thread_blocked, id=5816, stack(0x000000bafbd00000,0x000000bafbe00000)]
  0x0000027f0f2fc6d0 JavaThread "Finalizer" daemon [_thread_blocked, id=7004, stack(0x000000bafbe00000,0x000000bafbf00000)]
  0x0000027f0f326c60 JavaThread "Signal Dispatcher" daemon [_thread_blocked, id=14564, stack(0x000000bafbf00000,0x000000bafc000000)]
  0x0000027f0f327620 JavaThread "Attach Listener" daemon [_thread_blocked, id=16768, stack(0x000000bafc000000,0x000000bafc100000)]
  0x0000027f0fd26490 JavaThread "Service Thread" daemon [_thread_blocked, id=1820, stack(0x000000bafc100000,0x000000bafc200000)]
  0x0000027f0fd29160 JavaThread "Monitor Deflation Thread" daemon [_thread_blocked, id=1416, stack(0x000000bafc200000,0x000000bafc300000)]
  0x0000027f0fd29a20 JavaThread "C1 CompilerThread0" daemon [_thread_blocked, id=17612, stack(0x000000bafc300000,0x000000bafc400000)]
  0x0000027f0fd2a320 JavaThread "Sweeper thread" daemon [_thread_blocked, id=11548, stack(0x000000bafc400000,0x000000bafc500000)]
  0x0000027f0f294740 JavaThread "Common-Cleaner" daemon [_thread_blocked, id=8704, stack(0x000000bafc500000,0x000000bafc600000)]
  0x0000027f0ff73970 JavaThread "Notification Thread" daemon [_thread_blocked, id=17732, stack(0x000000bafc600000,0x000000bafc700000)]
=>0x0000027f11594680 JavaThread "background-preinit" [_thread_in_vm, id=20844, stack(0x000000bafcf00000,0x000000bafd000000)]

Other Threads:
  0x0000027f0f2ebff0 VMThread "VM Thread" [stack: 0x000000bafbc00000,0x000000bafbd00000] [id=8796] _threads_hazard_ptr=0x0000027f11510470
  0x0000027f0ff73e40 WatcherThread [stack: 0x000000bafc700000,0x000000bafc800000] [id=8308]
  0x0000027f020a6d00 GCTaskThread "GC Thread#0" [stack: 0x000000bafb700000,0x000000bafb800000] [id=1040]
  0x0000027f109023d0 GCTaskThread "GC Thread#1" [stack: 0x000000bafc800000,0x000000bafc900000] [id=15088]
  0x0000027f10902680 GCTaskThread "GC Thread#2" [stack: 0x000000bafc900000,0x000000bafca00000] [id=11348]
  0x0000027f1141b860 GCTaskThread "GC Thread#3" [stack: 0x000000bafca00000,0x000000bafcb00000] [id=1304]
  0x0000027f1141bb10 GCTaskThread "GC Thread#4" [stack: 0x000000bafcb00000,0x000000bafcc00000] [id=11572]
  0x0000027f1141fdd0 GCTaskThread "GC Thread#5" [stack: 0x000000bafcc00000,0x000000bafcd00000] [id=17820]
  0x0000027f11420080 GCTaskThread "GC Thread#6" [stack: 0x000000bafcd00000,0x000000bafce00000] [id=8812]
  0x0000027f115bbf20 GCTaskThread "GC Thread#7" [stack: 0x000000bafd000000,0x000000bafd100000] [id=19032]
  0x0000027f020b7550 ConcurrentGCThread "G1 Main Marker" [stack: 0x000000bafb800000,0x000000bafb900000] [id=7176]
  0x0000027f020b7e70 ConcurrentGCThread "G1 Conc#0" [stack: 0x000000bafb900000,0x000000bafba00000] [id=15492]
  0x0000027f0211dec0 ConcurrentGCThread "G1 Refine#0" [stack: 0x000000bafba00000,0x000000bafbb00000] [id=16908]
  0x0000027f1091ecf0 ConcurrentGCThread "G1 Refine#1" [stack: 0x000000bafce00000,0x000000bafcf00000] [id=7316]
  0x0000027f0211e7f0 ConcurrentGCThread "G1 Service" [stack: 0x000000bafbb00000,0x000000bafbc00000] [id=20988]

Threads with active compile tasks:

VM state: not at safepoint (normal execution)

VM Mutex/Monitor currently owned by a thread:  ([mutex/lock_event])
[0x0000027f7fdda4b0] Metaspace_lock - owner thread: 0x0000027f11594680
[0x0000027f7feabd80] Compile_lock - owner thread: 0x0000027f020499e0

Heap address: 0x0000000083000000, size: 2000 MB, Compressed Oops mode: 32-bit

CDS archive(s) not mapped
Compressed class space mapped at: 0x0000000100000000-0x0000000140000000, reserved size: 1073741824
Narrow klass base: 0x0000000000000000, Narrow klass shift: 3, Narrow klass range: 0x140000000

GC Precious Log:
 CPUs: 8 total, 8 available
 Memory: 7997M
 Large Page Support: Disabled
 NUMA Support: Disabled
 Compressed Oops: Enabled (32-bit)
 Heap Region Size: 1M
 Heap Min Capacity: 8M
 Heap Initial Capacity: 126M
 Heap Max Capacity: 2000M
 Pre-touch: Disabled
 Parallel Workers: 8
 Concurrent Workers: 2
 Concurrent Refinement Workers: 8
 Periodic GC: Disabled

Heap:
 garbage-first heap   total 129024K, used 21699K [0x0000000083000000, 0x0000000100000000)
  region size 1024K, 16 young (16384K), 3 survivors (3072K)
 Metaspace       used 19916K, committed 20096K, reserved 1073152K
  class space    used 2441K, committed 2560K, reserved 1048576K

Heap Regions: E=young(eden), S=young(survivor), O=old, HS=humongous(starts), HC=humongous(continues), CS=collection set, F=free, OA=open archive, CA=closed archive, TAMS=top-at-mark-start (previous, next)
|   0|0x0000000083000000, 0x0000000083100000, 0x0000000083100000|100%| O|  |TAMS 0x0000000083000000, 0x0000000083000000| Untracked 
|   1|0x0000000083100000, 0x0000000083200000, 0x0000000083200000|100%| O|  |TAMS 0x0000000083100000, 0x0000000083100000| Untracked 
|   2|0x0000000083200000, 0x0000000083300000, 0x0000000083300000|100%| O|  |TAMS 0x0000000083200000, 0x0000000083200000| Untracked 
|   3|0x0000000083300000, 0x0000000083400000, 0x0000000083400000|100%| O|  |TAMS 0x0000000083300000, 0x0000000083300000| Untracked 
|   4|0x0000000083400000, 0x0000000083500000, 0x0000000083500000|100%| O|  |TAMS 0x0000000083400000, 0x0000000083400000| Untracked 
|   5|0x0000000083500000, 0x0000000083600000, 0x0000000083600000|100%| O|  |TAMS 0x0000000083500000, 0x0000000083500000| Untracked 
|   6|0x0000000083600000, 0x0000000083700000, 0x0000000083700000|100%| O|  |TAMS 0x0000000083600000, 0x0000000083600000| Untracked 
|   7|0x0000000083700000, 0x00000000837e3600, 0x0000000083800000| 88%| O|  |TAMS 0x0000000083700000, 0x0000000083700000| Untracked 
|   8|0x0000000083800000, 0x0000000083800000, 0x0000000083900000|  0%| F|  |TAMS 0x0000000083800000, 0x0000000083800000| Untracked 
|   9|0x0000000083900000, 0x0000000083900000, 0x0000000083a00000|  0%| F|  |TAMS 0x0000000083900000, 0x0000000083900000| Untracked 
|  10|0x0000000083a00000, 0x0000000083a00000, 0x0000000083b00000|  0%| F|  |TAMS 0x0000000083a00000, 0x0000000083a00000| Untracked 
|  11|0x0000000083b00000, 0x0000000083b00000, 0x0000000083c00000|  0%| F|  |TAMS 0x0000000083b00000, 0x0000000083b00000| Untracked 
|  12|0x0000000083c00000, 0x0000000083c00000, 0x0000000083d00000|  0%| F|  |TAMS 0x0000000083c00000, 0x0000000083c00000| Untracked 
|  13|0x0000000083d00000, 0x0000000083d00000, 0x0000000083e00000|  0%| F|  |TAMS 0x0000000083d00000, 0x0000000083d00000| Untracked 
|  14|0x0000000083e00000, 0x0000000083e00000, 0x0000000083f00000|  0%| F|  |TAMS 0x0000000083e00000, 0x0000000083e00000| Untracked 
|  15|0x0000000083f00000, 0x0000000083f00000, 0x0000000084000000|  0%| F|  |TAMS 0x0000000083f00000, 0x0000000083f00000| Untracked 
|  16|0x0000000084000000, 0x0000000084000000, 0x0000000084100000|  0%| F|  |TAMS 0x0000000084000000, 0x0000000084000000| Untracked 
|  17|0x0000000084100000, 0x0000000084100000, 0x0000000084200000|  0%| F|  |TAMS 0x0000000084100000, 0x0000000084100000| Untracked 
|  18|0x0000000084200000, 0x0000000084200000, 0x0000000084300000|  0%| F|  |TAMS 0x0000000084200000, 0x0000000084200000| Untracked 
|  19|0x0000000084300000, 0x0000000084300000, 0x0000000084400000|  0%| F|  |TAMS 0x0000000084300000, 0x0000000084300000| Untracked 
|  20|0x0000000084400000, 0x0000000084400000, 0x0000000084500000|  0%| F|  |TAMS 0x0000000084400000, 0x0000000084400000| Untracked 
|  21|0x0000000084500000, 0x0000000084500000, 0x0000000084600000|  0%| F|  |TAMS 0x0000000084500000, 0x0000000084500000| Untracked 
|  22|0x0000000084600000, 0x0000000084600000, 0x0000000084700000|  0%| F|  |TAMS 0x0000000084600000, 0x0000000084600000| Untracked 
|  23|0x0000000084700000, 0x0000000084700000, 0x0000000084800000|  0%| F|  |TAMS 0x0000000084700000, 0x0000000084700000| Untracked 
|  24|0x0000000084800000, 0x0000000084800000, 0x0000000084900000|  0%| F|  |TAMS 0x0000000084800000, 0x0000000084800000| Untracked 
|  25|0x0000000084900000, 0x0000000084900000, 0x0000000084a00000|  0%| F|  |TAMS 0x0000000084900000, 0x0000000084900000| Untracked 
|  26|0x0000000084a00000, 0x0000000084a00000, 0x0000000084b00000|  0%| F|  |TAMS 0x0000000084a00000, 0x0000000084a00000| Untracked 
|  27|0x0000000084b00000, 0x0000000084b00000, 0x0000000084c00000|  0%| F|  |TAMS 0x0000000084b00000, 0x0000000084b00000| Untracked 
|  28|0x0000000084c00000, 0x0000000084c00000, 0x0000000084d00000|  0%| F|  |TAMS 0x0000000084c00000, 0x0000000084c00000| Untracked 
|  29|0x0000000084d00000, 0x0000000084d00000, 0x0000000084e00000|  0%| F|  |TAMS 0x0000000084d00000, 0x0000000084d00000| Untracked 
|  30|0x0000000084e00000, 0x0000000084e00000, 0x0000000084f00000|  0%| F|  |TAMS 0x0000000084e00000, 0x0000000084e00000| Untracked 
|  31|0x0000000084f00000, 0x0000000084f00000, 0x0000000085000000|  0%| F|  |TAMS 0x0000000084f00000, 0x0000000084f00000| Untracked 
|  32|0x0000000085000000, 0x0000000085000000, 0x0000000085100000|  0%| F|  |TAMS 0x0000000085000000, 0x0000000085000000| Untracked 
|  33|0x0000000085100000, 0x0000000085100000, 0x0000000085200000|  0%| F|  |TAMS 0x0000000085100000, 0x0000000085100000| Untracked 
|  34|0x0000000085200000, 0x0000000085200000, 0x0000000085300000|  0%| F|  |TAMS 0x0000000085200000, 0x0000000085200000| Untracked 
|  35|0x0000000085300000, 0x0000000085300000, 0x0000000085400000|  0%| F|  |TAMS 0x0000000085300000, 0x0000000085300000| Untracked 
|  36|0x0000000085400000, 0x0000000085400000, 0x0000000085500000|  0%| F|  |TAMS 0x0000000085400000, 0x0000000085400000| Untracked 
|  37|0x0000000085500000, 0x0000000085500000, 0x0000000085600000|  0%| F|  |TAMS 0x0000000085500000, 0x0000000085500000| Untracked 
|  38|0x0000000085600000, 0x0000000085600000, 0x0000000085700000|  0%| F|  |TAMS 0x0000000085600000, 0x0000000085600000| Untracked 
|  39|0x0000000085700000, 0x0000000085700000, 0x0000000085800000|  0%| F|  |TAMS 0x0000000085700000, 0x0000000085700000| Untracked 
|  40|0x0000000085800000, 0x0000000085800000, 0x0000000085900000|  0%| F|  |TAMS 0x0000000085800000, 0x0000000085800000| Untracked 
|  41|0x0000000085900000, 0x0000000085900000, 0x0000000085a00000|  0%| F|  |TAMS 0x0000000085900000, 0x0000000085900000| Untracked 
|  42|0x0000000085a00000, 0x0000000085a00000, 0x0000000085b00000|  0%| F|  |TAMS 0x0000000085a00000, 0x0000000085a00000| Untracked 
|  43|0x0000000085b00000, 0x0000000085b00000, 0x0000000085c00000|  0%| F|  |TAMS 0x0000000085b00000, 0x0000000085b00000| Untracked 
|  44|0x0000000085c00000, 0x0000000085c00000, 0x0000000085d00000|  0%| F|  |TAMS 0x0000000085c00000, 0x0000000085c00000| Untracked 
|  45|0x0000000085d00000, 0x0000000085d00000, 0x0000000085e00000|  0%| F|  |TAMS 0x0000000085d00000, 0x0000000085d00000| Untracked 
|  46|0x0000000085e00000, 0x0000000085e00000, 0x0000000085f00000|  0%| F|  |TAMS 0x0000000085e00000, 0x0000000085e00000| Untracked 
|  47|0x0000000085f00000, 0x0000000085f00000, 0x0000000086000000|  0%| F|  |TAMS 0x0000000085f00000, 0x0000000085f00000| Untracked 
|  48|0x0000000086000000, 0x0000000086000000, 0x0000000086100000|  0%| F|  |TAMS 0x0000000086000000, 0x0000000086000000| Untracked 
|  49|0x0000000086100000, 0x0000000086100000, 0x0000000086200000|  0%| F|  |TAMS 0x0000000086100000, 0x0000000086100000| Untracked 
|  50|0x0000000086200000, 0x0000000086200000, 0x0000000086300000|  0%| F|  |TAMS 0x0000000086200000, 0x0000000086200000| Untracked 
|  51|0x0000000086300000, 0x0000000086300000, 0x0000000086400000|  0%| F|  |TAMS 0x0000000086300000, 0x0000000086300000| Untracked 
|  52|0x0000000086400000, 0x0000000086400000, 0x0000000086500000|  0%| F|  |TAMS 0x0000000086400000, 0x0000000086400000| Untracked 
|  53|0x0000000086500000, 0x0000000086500000, 0x0000000086600000|  0%| F|  |TAMS 0x0000000086500000, 0x0000000086500000| Untracked 
|  54|0x0000000086600000, 0x0000000086600000, 0x0000000086700000|  0%| F|  |TAMS 0x0000000086600000, 0x0000000086600000| Untracked 
|  55|0x0000000086700000, 0x0000000086700000, 0x0000000086800000|  0%| F|  |TAMS 0x0000000086700000, 0x0000000086700000| Untracked 
|  56|0x0000000086800000, 0x0000000086800000, 0x0000000086900000|  0%| F|  |TAMS 0x0000000086800000, 0x0000000086800000| Untracked 
|  57|0x0000000086900000, 0x0000000086900000, 0x0000000086a00000|  0%| F|  |TAMS 0x0000000086900000, 0x0000000086900000| Untracked 
|  58|0x0000000086a00000, 0x0000000086a00000, 0x0000000086b00000|  0%| F|  |TAMS 0x0000000086a00000, 0x0000000086a00000| Untracked 
|  59|0x0000000086b00000, 0x0000000086b00000, 0x0000000086c00000|  0%| F|  |TAMS 0x0000000086b00000, 0x0000000086b00000| Untracked 
|  60|0x0000000086c00000, 0x0000000086c00000, 0x0000000086d00000|  0%| F|  |TAMS 0x0000000086c00000, 0x0000000086c00000| Untracked 
|  61|0x0000000086d00000, 0x0000000086d00000, 0x0000000086e00000|  0%| F|  |TAMS 0x0000000086d00000, 0x0000000086d00000| Untracked 
|  62|0x0000000086e00000, 0x0000000086e00000, 0x0000000086f00000|  0%| F|  |TAMS 0x0000000086e00000, 0x0000000086e00000| Untracked 
|  63|0x0000000086f00000, 0x0000000086f00000, 0x0000000087000000|  0%| F|  |TAMS 0x0000000086f00000, 0x0000000086f00000| Untracked 
|  64|0x0000000087000000, 0x0000000087000000, 0x0000000087100000|  0%| F|  |TAMS 0x0000000087000000, 0x0000000087000000| Untracked 
|  65|0x0000000087100000, 0x0000000087100000, 0x0000000087200000|  0%| F|  |TAMS 0x0000000087100000, 0x0000000087100000| Untracked 
|  66|0x0000000087200000, 0x0000000087200000, 0x0000000087300000|  0%| F|  |TAMS 0x0000000087200000, 0x0000000087200000| Untracked 
|  67|0x0000000087300000, 0x0000000087300000, 0x0000000087400000|  0%| F|  |TAMS 0x0000000087300000, 0x0000000087300000| Untracked 
|  68|0x0000000087400000, 0x0000000087400000, 0x0000000087500000|  0%| F|  |TAMS 0x0000000087400000, 0x0000000087400000| Untracked 
|  69|0x0000000087500000, 0x0000000087500000, 0x0000000087600000|  0%| F|  |TAMS 0x0000000087500000, 0x0000000087500000| Untracked 
|  70|0x0000000087600000, 0x0000000087600000, 0x0000000087700000|  0%| F|  |TAMS 0x0000000087600000, 0x0000000087600000| Untracked 
|  71|0x0000000087700000, 0x0000000087700000, 0x0000000087800000|  0%| F|  |TAMS 0x0000000087700000, 0x0000000087700000| Untracked 
|  72|0x0000000087800000, 0x0000000087800000, 0x0000000087900000|  0%| F|  |TAMS 0x0000000087800000, 0x0000000087800000| Untracked 
|  73|0x0000000087900000, 0x0000000087900000, 0x0000000087a00000|  0%| F|  |TAMS 0x0000000087900000, 0x0000000087900000| Untracked 
|  74|0x0000000087a00000, 0x0000000087a00000, 0x0000000087b00000|  0%| F|  |TAMS 0x0000000087a00000, 0x0000000087a00000| Untracked 
|  75|0x0000000087b00000, 0x0000000087b00000, 0x0000000087c00000|  0%| F|  |TAMS 0x0000000087b00000, 0x0000000087b00000| Untracked 
|  76|0x0000000087c00000, 0x0000000087c00000, 0x0000000087d00000|  0%| F|  |TAMS 0x0000000087c00000, 0x0000000087c00000| Untracked 
|  77|0x0000000087d00000, 0x0000000087d00000, 0x0000000087e00000|  0%| F|  |TAMS 0x0000000087d00000, 0x0000000087d00000| Untracked 
|  78|0x0000000087e00000, 0x0000000087e00000, 0x0000000087f00000|  0%| F|  |TAMS 0x0000000087e00000, 0x0000000087e00000| Untracked 
|  79|0x0000000087f00000, 0x0000000087f00000, 0x0000000088000000|  0%| F|  |TAMS 0x0000000087f00000, 0x0000000087f00000| Untracked 
|  80|0x0000000088000000, 0x0000000088000000, 0x0000000088100000|  0%| F|  |TAMS 0x0000000088000000, 0x0000000088000000| Untracked 
|  81|0x0000000088100000, 0x0000000088100000, 0x0000000088200000|  0%| F|  |TAMS 0x0000000088100000, 0x0000000088100000| Untracked 
|  82|0x0000000088200000, 0x0000000088200000, 0x0000000088300000|  0%| F|  |TAMS 0x0000000088200000, 0x0000000088200000| Untracked 
|  83|0x0000000088300000, 0x0000000088300000, 0x0000000088400000|  0%| F|  |TAMS 0x0000000088300000, 0x0000000088300000| Untracked 
|  84|0x0000000088400000, 0x0000000088400000, 0x0000000088500000|  0%| F|  |TAMS 0x0000000088400000, 0x0000000088400000| Untracked 
|  85|0x0000000088500000, 0x0000000088500000, 0x0000000088600000|  0%| F|  |TAMS 0x0000000088500000, 0x0000000088500000| Untracked 
|  86|0x0000000088600000, 0x0000000088600000, 0x0000000088700000|  0%| F|  |TAMS 0x0000000088600000, 0x0000000088600000| Untracked 
|  87|0x0000000088700000, 0x0000000088700000, 0x0000000088800000|  0%| F|  |TAMS 0x0000000088700000, 0x0000000088700000| Untracked 
|  88|0x0000000088800000, 0x0000000088800000, 0x0000000088900000|  0%| F|  |TAMS 0x0000000088800000, 0x0000000088800000| Untracked 
|  89|0x0000000088900000, 0x0000000088900000, 0x0000000088a00000|  0%| F|  |TAMS 0x0000000088900000, 0x0000000088900000| Untracked 
|  90|0x0000000088a00000, 0x0000000088a00000, 0x0000000088b00000|  0%| F|  |TAMS 0x0000000088a00000, 0x0000000088a00000| Untracked 
|  91|0x0000000088b00000, 0x0000000088b00000, 0x0000000088c00000|  0%| F|  |TAMS 0x0000000088b00000, 0x0000000088b00000| Untracked 
|  92|0x0000000088c00000, 0x0000000088c00000, 0x0000000088d00000|  0%| F|  |TAMS 0x0000000088c00000, 0x0000000088c00000| Untracked 
|  93|0x0000000088d00000, 0x0000000088d00000, 0x0000000088e00000|  0%| F|  |TAMS 0x0000000088d00000, 0x0000000088d00000| Untracked 
|  94|0x0000000088e00000, 0x0000000088e00000, 0x0000000088f00000|  0%| F|  |TAMS 0x0000000088e00000, 0x0000000088e00000| Untracked 
|  95|0x0000000088f00000, 0x0000000088f00000, 0x0000000089000000|  0%| F|  |TAMS 0x0000000088f00000, 0x0000000088f00000| Untracked 
|  96|0x0000000089000000, 0x0000000089000000, 0x0000000089100000|  0%| F|  |TAMS 0x0000000089000000, 0x0000000089000000| Untracked 
|  97|0x0000000089100000, 0x0000000089100000, 0x0000000089200000|  0%| F|  |TAMS 0x0000000089100000, 0x0000000089100000| Untracked 
|  98|0x0000000089200000, 0x0000000089200000, 0x0000000089300000|  0%| F|  |TAMS 0x0000000089200000, 0x0000000089200000| Untracked 
|  99|0x0000000089300000, 0x000000008934d828, 0x0000000089400000| 30%| S|CS|TAMS 0x0000000089300000, 0x0000000089300000| Complete 
| 100|0x0000000089400000, 0x0000000089400000, 0x0000000089500000|  0%| F|  |TAMS 0x0000000089400000, 0x0000000089400000| Untracked 
| 101|0x0000000089500000, 0x0000000089500000, 0x0000000089600000|  0%| F|  |TAMS 0x0000000089500000, 0x0000000089500000| Untracked 
| 102|0x0000000089600000, 0x0000000089600000, 0x0000000089700000|  0%| F|  |TAMS 0x0000000089600000, 0x0000000089600000| Untracked 
| 103|0x0000000089700000, 0x0000000089800000, 0x0000000089800000|100%| S|CS|TAMS 0x0000000089700000, 0x0000000089700000| Complete 
| 104|0x0000000089800000, 0x0000000089900000, 0x0000000089900000|100%| S|CS|TAMS 0x0000000089800000, 0x0000000089800000| Complete 
| 105|0x0000000089900000, 0x0000000089900000, 0x0000000089a00000|  0%| F|  |TAMS 0x0000000089900000, 0x0000000089900000| Untracked 
| 106|0x0000000089a00000, 0x0000000089a00000, 0x0000000089b00000|  0%| F|  |TAMS 0x0000000089a00000, 0x0000000089a00000| Untracked 
| 107|0x0000000089b00000, 0x0000000089b00000, 0x0000000089c00000|  0%| F|  |TAMS 0x0000000089b00000, 0x0000000089b00000| Untracked 
| 108|0x0000000089c00000, 0x0000000089c00000, 0x0000000089d00000|  0%| F|  |TAMS 0x0000000089c00000, 0x0000000089c00000| Untracked 
| 109|0x0000000089d00000, 0x0000000089d00000, 0x0000000089e00000|  0%| F|  |TAMS 0x0000000089d00000, 0x0000000089d00000| Untracked 
| 110|0x0000000089e00000, 0x0000000089e00000, 0x0000000089f00000|  0%| F|  |TAMS 0x0000000089e00000, 0x0000000089e00000| Untracked 
| 111|0x0000000089f00000, 0x0000000089f00000, 0x000000008a000000|  0%| F|  |TAMS 0x0000000089f00000, 0x0000000089f00000| Untracked 
| 112|0x000000008a000000, 0x000000008a000000, 0x000000008a100000|  0%| F|  |TAMS 0x000000008a000000, 0x000000008a000000| Untracked 
| 113|0x000000008a100000, 0x000000008a1419b8, 0x000000008a200000| 25%| E|  |TAMS 0x000000008a100000, 0x000000008a100000| Complete 
| 114|0x000000008a200000, 0x000000008a300000, 0x000000008a300000|100%| E|CS|TAMS 0x000000008a200000, 0x000000008a200000| Complete 
| 115|0x000000008a300000, 0x000000008a400000, 0x000000008a400000|100%| E|CS|TAMS 0x000000008a300000, 0x000000008a300000| Complete 
| 116|0x000000008a400000, 0x000000008a500000, 0x000000008a500000|100%| E|CS|TAMS 0x000000008a400000, 0x000000008a400000| Complete 
| 117|0x000000008a500000, 0x000000008a600000, 0x000000008a600000|100%| E|CS|TAMS 0x000000008a500000, 0x000000008a500000| Complete 
| 118|0x000000008a600000, 0x000000008a700000, 0x000000008a700000|100%| E|CS|TAMS 0x000000008a600000, 0x000000008a600000| Complete 
| 119|0x000000008a700000, 0x000000008a800000, 0x000000008a800000|100%| E|CS|TAMS 0x000000008a700000, 0x000000008a700000| Complete 
| 120|0x000000008a800000, 0x000000008a900000, 0x000000008a900000|100%| E|CS|TAMS 0x000000008a800000, 0x000000008a800000| Complete 
| 121|0x000000008a900000, 0x000000008aa00000, 0x000000008aa00000|100%| E|CS|TAMS 0x000000008a900000, 0x000000008a900000| Complete 
| 122|0x000000008aa00000, 0x000000008ab00000, 0x000000008ab00000|100%| E|  |TAMS 0x000000008aa00000, 0x000000008aa00000| Complete 
| 123|0x000000008ab00000, 0x000000008ac00000, 0x000000008ac00000|100%| E|CS|TAMS 0x000000008ab00000, 0x000000008ab00000| Complete 
| 124|0x000000008ac00000, 0x000000008ad00000, 0x000000008ad00000|100%| E|CS|TAMS 0x000000008ac00000, 0x000000008ac00000| Complete 
| 125|0x000000008ad00000, 0x000000008ae00000, 0x000000008ae00000|100%| E|CS|TAMS 0x000000008ad00000, 0x000000008ad00000| Complete 

Card table byte_map: [0x0000027f081d0000,0x0000027f085c0000] _byte_map_base: 0x0000027f07db8000

Marking Bits (Prev, Next): (CMBitMap*) 0x0000027f020a7220, (CMBitMap*) 0x0000027f020a7260
 Prev Bits: [0x0000027f089b0000, 0x0000027f0a8f0000)
 Next Bits: [0x0000027f0a8f0000, 0x0000027f0c830000)

Polling page: 0x0000027f01820000

Metaspace:

Usage:
  Non-class:     17.07 MB used.
      Class:      2.38 MB used.
       Both:     19.45 MB used.

Virtual space:
  Non-class space:       24.00 MB reserved,      17.12 MB ( 71%) committed,  3 nodes.
      Class space:        1.00 GB reserved,       2.50 MB ( <1%) committed,  1 nodes.
             Both:        1.02 GB reserved,      19.62 MB (  2%) committed. 

Chunk freelists:
   Non-Class:  2.20 MB
       Class:  1.36 MB
        Both:  3.56 MB

MaxMetaspaceSize: unlimited
CompressedClassSpaceSize: 1.00 GB
Initial GC threshold: 21.00 MB
Current GC threshold: 21.00 MB
CDS: off
MetaspaceReclaimPolicy: balanced
 - commit_granule_bytes: 65536.
 - commit_granule_words: 8192.
 - virtual_space_node_default_size: 1048576.
 - enlarge_chunks_in_place: 1.
 - new_chunks_are_fully_committed: 0.
 - uncommit_free_chunks: 1.
 - use_allocation_guard: 0.
 - handle_deallocations: 1.


Internal statistics:

num_allocs_failed_limit: 0.
num_arena_births: 128.
num_arena_deaths: 0.
num_vsnodes_births: 4.
num_vsnodes_deaths: 0.
num_space_committed: 314.
num_space_uncommitted: 0.
num_chunks_returned_to_freelist: 0.
num_chunks_taken_from_freelist: 501.
num_chunk_merges: 0.
num_chunk_splits: 338.
num_chunks_enlarged: 274.
num_purges: 0.
num_inconsistent_stats: 0.

CodeCache: size=49152Kb used=3646Kb max_used=3646Kb free=45505Kb
 bounds [0x0000027f04cd0000, 0x0000027f05060000, 0x0000027f07cd0000]
 total_blobs=2148 nmethods=1698 adapters=378
 compilation: disabled (not enough contiguous free space left)
              stopped_count=1, restarted_count=0
 full_count=1

Compilation events (20 events):
Event: 7.480 Thread 0x0000027f0fd29a20 1686       1       java.util.LinkedHashMap$LinkedKeyIterator::next (8 bytes)
Event: 7.480 Thread 0x0000027f0fd29a20 nmethod 1686 0x0000027f0505bb10 code [0x0000027f0505bca0, 0x0000027f0505bd88]
Event: 7.521 Thread 0x0000027f0fd29a20 1690       1       java.util.zip.ZipUtils::get16 (21 bytes)
Event: 7.521 Thread 0x0000027f0fd29a20 nmethod 1690 0x0000027f0505be10 code [0x0000027f0505bfa0, 0x0000027f0505c098]
Event: 7.534 Thread 0x0000027f0fd29a20 1691       1       sun.reflect.generics.repository.AbstractRepository::getFactory (5 bytes)
Event: 7.534 Thread 0x0000027f0fd29a20 nmethod 1691 0x0000027f0505c190 code [0x0000027f0505c320, 0x0000027f0505c3f8]
Event: 7.537 Thread 0x0000027f0fd29a20 1692       1       org.apache.commons.logging.impl.SLF4JLocationAwareLog::isDebugEnabled (10 bytes)
Event: 7.537 Thread 0x0000027f0fd29a20 nmethod 1692 0x0000027f0505c490 code [0x0000027f0505c620, 0x0000027f0505c748]
Event: 7.537 Thread 0x0000027f0fd29a20 1693       1       ch.qos.logback.classic.Logger::isDebugEnabled (6 bytes)
Event: 7.537 Thread 0x0000027f0fd29a20 nmethod 1693 0x0000027f0505c810 code [0x0000027f0505c9a0, 0x0000027f0505ca88]
Event: 7.538 Thread 0x0000027f0fd29a20 1694       1       ch.qos.logback.classic.Logger::isDebugEnabled (77 bytes)
Event: 7.539 Thread 0x0000027f0fd29a20 nmethod 1694 0x0000027f0505cb10 code [0x0000027f0505cd40, 0x0000027f0505d278]
Event: 7.642 Thread 0x0000027f0fd29a20 1695       1       java.lang.invoke.InfoFromMemberName::getModifiers (8 bytes)
Event: 7.642 Thread 0x0000027f0fd29a20 nmethod 1695 0x0000027f0505d590 code [0x0000027f0505d720, 0x0000027f0505d7f8]
Event: 7.693 Thread 0x0000027f0fd29a20 1696       1       java.util.regex.Pattern::peek (26 bytes)
Event: 7.693 Thread 0x0000027f0fd29a20 nmethod 1696 0x0000027f0505de90 code [0x0000027f0505e020, 0x0000027f0505e168]
Event: 7.693 Thread 0x0000027f0fd29a20 1697       1       sun.util.locale.InternalLocaleBuilder::setExtensions (206 bytes)
Event: 7.695 Thread 0x0000027f0fd29a20 nmethod 1697 0x0000027f0505e290 code [0x0000027f0505e5a0, 0x0000027f0505f0b8]
Event: 7.696 Thread 0x0000027f0fd29a20 1698       1       sun.util.locale.LocaleObjectCache::get (126 bytes)
Event: 7.697 Thread 0x0000027f0fd29a20 


GC Heap History (4 events):
Event: 4.297 GC heap before
{Heap before GC invocations=0 (full 0):
 garbage-first heap   total 129024K, used 22528K [0x0000000083000000, 0x0000000100000000)
  region size 1024K, 23 young (23552K), 0 survivors (0K)
 Metaspace       used 10280K, committed 10432K, reserved 1064960K
  class space    used 1185K, committed 1216K, reserved 1048576K
}
Event: 4.373 GC heap after
{Heap after GC invocations=1 (full 0):
 garbage-first heap   total 129024K, used 8213K [0x0000000083000000, 0x0000000100000000)
  region size 1024K, 3 young (3072K), 3 survivors (3072K)
 Metaspace       used 10280K, committed 10432K, reserved 1064960K
  class space    used 1185K, committed 1216K, reserved 1048576K
}
Event: 7.052 GC heap before
{Heap before GC invocations=1 (full 0):
 garbage-first heap   total 129024K, used 29717K [0x0000000083000000, 0x0000000100000000)
  region size 1024K, 24 young (24576K), 3 survivors (3072K)
 Metaspace       used 17079K, committed 17280K, reserved 1064960K
  class space    used 2071K, committed 2176K, reserved 1048576K
}
Event: 7.060 GC heap after
{Heap after GC invocations=2 (full 0):
 garbage-first heap   total 129024K, used 10435K [0x0000000083000000, 0x0000000100000000)
  region size 1024K, 3 young (3072K), 3 survivors (3072K)
 Metaspace       used 17079K, committed 17280K, reserved 1064960K
  class space    used 2071K, committed 2176K, reserved 1048576K
}

Deoptimization events (2 events):
Event: 4.424 Thread 0x0000027f020499e0 DEOPT PACKING pc=0x0000027f04f4c075 sp=0x000000bafb6fd8d0
Event: 4.424 Thread 0x0000027f020499e0 DEOPT UNPACKING pc=0x0000027f04d26763 sp=0x000000bafb6fcd40 mode 3

Classes unloaded (0 events):
No events

Classes redefined (0 events):
No events

Internal exceptions (20 events):
Event: 5.330 Thread 0x0000027f020499e0 Exception <a 'java/lang/NoSuchMethodError'{0x000000008a43f560}: 'java.lang.Object java.lang.invoke.DirectMethodHandle$Holder.invokeSpecial(java.lang.Object, java.lang.Object, java.lang.Object, java.lang.Object, java.lang.Object, java.lang.Object, java.lang.Object, int)'> (0x000000008a43f560) 
thrown [e:\jenkins\tmp\workspace\build\src\src\hotspot\share\interpreter\linkResolver.cpp, line 766]
Event: 5.376 Thread 0x0000027f020499e0 Exception <a 'java/lang/NoSuchMethodError'{0x000000008a48ca58}: 'java.lang.Object java.lang.invoke.DirectMethodHandle$Holder.newInvokeSpecial(java.lang.Object, java.lang.Object, int, java.lang.Object)'> (0x000000008a48ca58) 
thrown [e:\jenkins\tmp\workspace\build\src\src\hotspot\share\interpreter\linkResolver.cpp, line 766]
Event: 5.377 Thread 0x0000027f020499e0 Exception <a 'java/lang/NoSuchMethodError'{0x000000008a490e38}: 'java.lang.Object java.lang.invoke.DirectMethodHandle$Holder.invokeSpecial(java.lang.Object, java.lang.Object, java.lang.Object, int, java.lang.Object)'> (0x000000008a490e38) 
thrown [e:\jenkins\tmp\workspace\build\src\src\hotspot\share\interpreter\linkResolver.cpp, line 766]
Event: 5.402 Thread 0x0000027f020499e0 Exception <a 'java/lang/NoSuchMethodError'{0x000000008a4cfed0}: 'java.lang.Object java.lang.invoke.DirectMethodHandle$Holder.newInvokeSpecial(java.lang.Object, java.lang.Object, java.lang.Object, java.lang.Object, java.lang.Object, java.lang.Object)'> (0x000000008a4cfed0) 
thrown [e:\jenkins\tmp\workspace\build\src\src\hotspot\share\interpreter\linkResolver.cpp, line 766]
Event: 5.464 Thread 0x0000027f020499e0 Exception <a 'java/lang/NoSuchMethodError'{0x000000008a31b2d8}: 'void java.lang.invoke.DirectMethodHandle$Holder.invokeStatic(java.lang.Object, java.lang.Object, java.lang.Object, java.lang.Object)'> (0x000000008a31b2d8) 
thrown [e:\jenkins\tmp\workspace\build\src\src\hotspot\share\interpreter\linkResolver.cpp, line 766]
Event: 5.522 Thread 0x0000027f020499e0 Exception <a 'java/lang/NoSuchMethodError'{0x000000008a376608}: 'void java.lang.invoke.DirectMethodHandle$Holder.invokeStatic(java.lang.Object, java.lang.Object)'> (0x000000008a376608) 
thrown [e:\jenkins\tmp\workspace\build\src\src\hotspot\share\interpreter\linkResolver.cpp, line 766]
Event: 5.523 Thread 0x0000027f020499e0 Exception <a 'java/lang/NoSuchMethodError'{0x000000008a379b88}: 'void java.lang.invoke.DirectMethodHandle$Holder.invokeStaticInit(java.lang.Object, java.lang.Object)'> (0x000000008a379b88) 
thrown [e:\jenkins\tmp\workspace\build\src\src\hotspot\share\interpreter\linkResolver.cpp, line 766]
Event: 5.549 Thread 0x0000027f020499e0 Exception <a 'java/lang/NoSuchMethodError'{0x000000008a393ff0}: 'java.lang.Object java.lang.invoke.DirectMethodHandle$Holder.invokeStaticInit(java.lang.Object)'> (0x000000008a393ff0) 
thrown [e:\jenkins\tmp\workspace\build\src\src\hotspot\share\interpreter\linkResolver.cpp, line 766]
Event: 5.883 Thread 0x0000027f020499e0 Exception <a 'java/lang/NoSuchMethodError'{0x000000008a276c40}: 'void java.lang.invoke.DirectMethodHandle$Holder.invokeSpecial(java.lang.Object, java.lang.Object, java.lang.Object, java.lang.Object, java.lang.Object)'> (0x000000008a276c40) 
thrown [e:\jenkins\tmp\workspace\build\src\src\hotspot\share\interpreter\linkResolver.cpp, line 766]
Event: 6.695 Thread 0x0000027f020499e0 Exception <a 'java/lang/NoSuchMethodError'{0x0000000089d5a398}: 'void java.lang.invoke.DirectMethodHandle$Holder.invokeStatic(java.lang.Object, java.lang.Object, int)'> (0x0000000089d5a398) 
thrown [e:\jenkins\tmp\workspace\build\src\src\hotspot\share\interpreter\linkResolver.cpp, line 766]
Event: 6.812 Thread 0x0000027f11594680 Exception <a 'java/lang/NoClassDefFoundError'{0x0000000089c90a80}: javax/validation/Validation> (0x0000000089c90a80) 
thrown [e:\jenkins\tmp\workspace\build\src\src\hotspot\share\classfile\systemDictionary.cpp, line 245]
Event: 6.980 Thread 0x0000027f11594680 Exception <a 'java/lang/NoSuchMethodError'{0x0000000089909bd0}: 'int java.lang.invoke.DirectMethodHandle$Holder.invokeInterface(java.lang.Object, java.lang.Object)'> (0x0000000089909bd0) 
thrown [e:\jenkins\tmp\workspace\build\src\src\hotspot\share\interpreter\linkResolver.cpp, line 766]
Event: 7.116 Thread 0x0000027f11594680 Exception <a 'java/lang/NoSuchMethodError'{0x000000008ad98bb8}: 'java.lang.Object java.lang.invoke.DirectMethodHandle$Holder.invokeStaticInit(java.lang.Object, java.lang.Object, java.lang.Object)'> (0x000000008ad98bb8) 
thrown [e:\jenkins\tmp\workspace\build\src\src\hotspot\share\interpreter\linkResolver.cpp, line 766]
Event: 7.117 Thread 0x0000027f11594680 Exception <a 'java/lang/NoSuchMethodError'{0x000000008ad9eaa8}: 'java.lang.Object java.lang.invoke.DirectMethodHandle$Holder.invokeStaticInit(java.lang.Object, java.lang.Object, java.lang.Object, java.lang.Object, java.lang.Object)'> (0x000000008ad9eaa8) 
thrown [e:\jenkins\tmp\workspace\build\src\src\hotspot\share\interpreter\linkResolver.cpp, line 766]
Event: 7.235 Thread 0x0000027f020499e0 Exception <a 'java/lang/NoClassDefFoundError'{0x000000008abfadd8}: javax/validation/ValidationException> (0x000000008abfadd8) 
thrown [e:\jenkins\tmp\workspace\build\src\src\hotspot\share\classfile\systemDictionary.cpp, line 245]
Event: 7.260 Thread 0x0000027f020499e0 Exception <a 'java/lang/NoClassDefFoundError'{0x000000008aaaeb78}: org/springframework/jdbc/CannotGetJdbcConnectionException> (0x000000008aaaeb78) 
thrown [e:\jenkins\tmp\workspace\build\src\src\hotspot\share\classfile\systemDictionary.cpp, line 245]
Event: 7.326 Thread 0x0000027f020499e0 Exception <a 'java/lang/NoSuchMethodError'{0x000000008a827e80}: 'org.slf4j.impl.StaticMDCBinder org.slf4j.impl.StaticMDCBinder.getSingleton()'> (0x000000008a827e80) 
thrown [e:\jenkins\tmp\workspace\build\src\src\hotspot\share\interpreter\linkResolver.cpp, line 766]
Event: 7.692 Thread 0x0000027f020499e0 Exception <a 'java/lang/ClassNotFoundException'{0x000000008a262100}: java/lang/ObjectCustomizer> (0x000000008a262100) 
thrown [e:\jenkins\tmp\workspace\build\src\src\hotspot\share\classfile\systemDictionary.cpp, line 256]
Event: 7.696 Thread 0x0000027f020499e0 Exception <a 'java/lang/NoSuchMethodError'{0x000000008a266498}: 'java.lang.Object java.lang.invoke.DirectMethodHandle$Holder.invokeInterface(java.lang.Object, java.lang.Object)'> (0x000000008a266498) 
thrown [e:\jenkins\tmp\workspace\build\src\src\hotspot\share\interpreter\linkResolver.cpp, line 766]
Event: 7.697 Thread 0x0000027f020499e0 Exception <a 'java/lang/IncompatibleClassChangeError'{0x000000008a269c90}: Found class java.lang.Object, but interface was expected> (0x000000008a269c90) 
thrown [e:\jenkins\tmp\workspace\build\src\src\hotspot\share\interpreter\linkResolver.cpp, line 833]

VM Operations (20 events):
Event: 4.297 Executing VM operation: G1CollectForAllocation
Event: 4.373 Executing VM operation: G1CollectForAllocation done
Event: 4.762 Executing VM operation: HandshakeAllThreads
Event: 4.762 Executing VM operation: HandshakeAllThreads done
Event: 5.442 Executing VM operation: HandshakeAllThreads
Event: 5.442 Executing VM operation: HandshakeAllThreads done
Event: 5.442 Executing VM operation: Cleanup
Event: 5.443 Executing VM operation: Cleanup done
Event: 6.059 Executing VM operation: HandshakeAllThreads
Event: 6.060 Executing VM operation: HandshakeAllThreads done
Event: 6.067 Executing VM operation: HandshakeAllThreads
Event: 6.067 Executing VM operation: HandshakeAllThreads done
Event: 6.832 Executing VM operation: HandshakeAllThreads
Event: 6.832 Executing VM operation: HandshakeAllThreads done
Event: 6.832 Executing VM operation: Cleanup
Event: 6.832 Executing VM operation: Cleanup done
Event: 7.052 Executing VM operation: G1CollectForAllocation
Event: 7.060 Executing VM operation: G1CollectForAllocation done
Event: 7.531 Executing VM operation: HandshakeAllThreads
Event: 7.531 Executing VM operation: HandshakeAllThreads done

Events (20 events):
Event: 7.694 loading class java/beans/MethodDescriptor done
Event: 7.694 loading class java/beans/MethodRef
Event: 7.695 loading class java/beans/MethodRef done
Event: 7.695 loading class com/sun/beans/TypeResolver
Event: 7.695 loading class com/sun/beans/TypeResolver done
Event: 7.695 loading class com/sun/beans/WeakCache
Event: 7.695 loading class com/sun/beans/WeakCache done
Event: 7.698 loading class com/sun/beans/introspect/EventSetInfo
Event: 7.698 loading class com/sun/beans/introspect/EventSetInfo done
Event: 7.698 loading class java/util/TreeMap$Values
Event: 7.698 loading class java/util/TreeMap$Values done
Event: 7.698 loading class java/util/TreeMap$ValueIterator
Event: 7.699 loading class java/util/TreeMap$ValueIterator done
Event: 7.699 loading class com/sun/beans/introspect/PropertyInfo
Event: 7.700 loading class com/sun/beans/introspect/PropertyInfo done
Event: 7.700 loading class java/beans/PropertyVetoException
Event: 7.701 loading class java/beans/PropertyVetoException done
Event: 7.704 loading class com/sun/beans/WildcardTypeImpl
Event: 7.704 loading class sun/text/resources/cldr/FormatData_en
Event: 7.704 loading class com/sun/beans/WildcardTypeImpl done


Dynamic libraries:
0x00007ff748eb0000 - 0x00007ff748ebe000 	c:\Users\Asus\.vscode\extensions\redhat.java-1.8.0-win32-x64\jre\17.0.3-win32-x86_64\bin\java.exe
0x00007fff0f210000 - 0x00007fff0f405000 	C:\Windows\SYSTEM32\ntdll.dll
0x00007fff0e3c0000 - 0x00007fff0e47e000 	C:\Windows\System32\KERNEL32.DLL
0x00007fff0cb40000 - 0x00007fff0ce09000 	C:\Windows\System32\KERNELBASE.dll
0x00007fff0ce10000 - 0x00007fff0cf10000 	C:\Windows\System32\ucrtbase.dll
0x00007ffef60c0000 - 0x00007ffef60d8000 	c:\Users\Asus\.vscode\extensions\redhat.java-1.8.0-win32-x64\jre\17.0.3-win32-x86_64\bin\jli.dll
0x00007fff0e130000 - 0x00007fff0e2d1000 	C:\Windows\System32\USER32.dll
0x00007fff0cf10000 - 0x00007fff0cf32000 	C:\Windows\System32\win32u.dll
0x00007ffee9410000 - 0x00007ffee9429000 	c:\Users\Asus\.vscode\extensions\redhat.java-1.8.0-win32-x64\jre\17.0.3-win32-x86_64\bin\VCRUNTIME140.dll
0x00007fff0d9c0000 - 0x00007fff0d9eb000 	C:\Windows\System32\GDI32.dll
0x00007ffef8e50000 - 0x00007ffef90ea000 	C:\Windows\WinSxS\amd64_microsoft.windows.common-controls_6595b64144ccf1df_6.0.19041.1110_none_60b5254171f9507e\COMCTL32.dll
0x00007fff0d0f0000 - 0x00007fff0d1fb000 	C:\Windows\System32\gdi32full.dll
0x00007fff0c9c0000 - 0x00007fff0ca5d000 	C:\Windows\System32\msvcp_win.dll
0x00007fff0d780000 - 0x00007fff0d81e000 	C:\Windows\System32\msvcrt.dll
0x00007fff0e520000 - 0x00007fff0e550000 	C:\Windows\System32\IMM32.DLL
0x00007ffef4790000 - 0x00007ffef479c000 	c:\Users\Asus\.vscode\extensions\redhat.java-1.8.0-win32-x64\jre\17.0.3-win32-x86_64\bin\vcruntime140_1.dll
0x00007ffed41e0000 - 0x00007ffed4271000 	c:\Users\Asus\.vscode\extensions\redhat.java-1.8.0-win32-x64\jre\17.0.3-win32-x86_64\bin\msvcp140.dll
0x00007ffea6830000 - 0x00007ffea7478000 	c:\Users\Asus\.vscode\extensions\redhat.java-1.8.0-win32-x64\jre\17.0.3-win32-x86_64\bin\server\jvm.dll
0x00007fff0ec40000 - 0x00007fff0ecec000 	C:\Windows\System32\ADVAPI32.dll
0x00007fff0e480000 - 0x00007fff0e51b000 	C:\Windows\System32\sechost.dll
0x00007fff0d890000 - 0x00007fff0d9ba000 	C:\Windows\System32\RPCRT4.dll
0x00007fff0e610000 - 0x00007fff0e618000 	C:\Windows\System32\PSAPI.DLL
0x00007ffef2420000 - 0x00007ffef2429000 	C:\Windows\SYSTEM32\WSOCK32.dll
0x00007fff0d820000 - 0x00007fff0d88b000 	C:\Windows\System32\WS2_32.dll
0x00007fff05e00000 - 0x00007fff05e0a000 	C:\Windows\SYSTEM32\VERSION.dll
0x00007ffeea7a0000 - 0x00007ffeea7c7000 	C:\Windows\SYSTEM32\WINMM.dll
0x00007fff0b1b0000 - 0x00007fff0b1c2000 	C:\Windows\SYSTEM32\kernel.appcore.dll
0x00007ffef4580000 - 0x00007ffef458a000 	c:\Users\Asus\.vscode\extensions\redhat.java-1.8.0-win32-x64\jre\17.0.3-win32-x86_64\bin\jimage.dll
0x00007fff0a550000 - 0x00007fff0a734000 	C:\Windows\SYSTEM32\DBGHELP.DLL
0x00007ffeeac90000 - 0x00007ffeeacbc000 	C:\Windows\SYSTEM32\dbgcore.DLL
0x00007fff0c930000 - 0x00007fff0c9b3000 	C:\Windows\System32\bcryptPrimitives.dll
0x00007ffed4eb0000 - 0x00007ffed4ed5000 	c:\Users\Asus\.vscode\extensions\redhat.java-1.8.0-win32-x64\jre\17.0.3-win32-x86_64\bin\java.dll
0x00007ffee50f0000 - 0x00007ffee5108000 	c:\Users\Asus\.vscode\extensions\redhat.java-1.8.0-win32-x64\jre\17.0.3-win32-x86_64\bin\zip.dll
0x00007fff0d9f0000 - 0x00007fff0e12f000 	C:\Windows\System32\SHELL32.dll
0x00007fff0aa10000 - 0x00007fff0b1a0000 	C:\Windows\SYSTEM32\windows.storage.dll
0x00007fff0d3c0000 - 0x00007fff0d715000 	C:\Windows\System32\combase.dll
0x00007fff0c380000 - 0x00007fff0c3ac000 	C:\Windows\SYSTEM32\Wldp.dll
0x00007fff0eb90000 - 0x00007fff0ec3d000 	C:\Windows\System32\SHCORE.dll
0x00007fff0d360000 - 0x00007fff0d3b5000 	C:\Windows\System32\shlwapi.dll
0x00007fff0c870000 - 0x00007fff0c88f000 	C:\Windows\SYSTEM32\profapi.dll
0x00007ffed4e90000 - 0x00007ffed4ea9000 	C:\Users\Asus\.vscode\extensions\redhat.java-1.8.0-win32-x64\jre\17.0.3-win32-x86_64\bin\net.dll
0x00007ffefa1d0000 - 0x00007ffefa2d8000 	C:\Windows\SYSTEM32\WINHTTP.dll
0x00007fff0c0e0000 - 0x00007fff0c14a000 	C:\Windows\system32\mswsock.dll
0x00007ffed4a50000 - 0x00007ffed4a65000 	C:\Users\Asus\.vscode\extensions\redhat.java-1.8.0-win32-x64\jre\17.0.3-win32-x86_64\bin\nio.dll
0x00007ffee3b20000 - 0x00007ffee3b30000 	c:\Users\Asus\.vscode\extensions\redhat.java-1.8.0-win32-x64\jre\17.0.3-win32-x86_64\bin\verify.dll
0x00007ffedb020000 - 0x00007ffedb029000 	C:\Users\Asus\.vscode\extensions\redhat.java-1.8.0-win32-x64\jre\17.0.3-win32-x86_64\bin\management.dll
0x00007ffed9fb0000 - 0x00007ffed9fbb000 	C:\Users\Asus\.vscode\extensions\redhat.java-1.8.0-win32-x64\jre\17.0.3-win32-x86_64\bin\management_ext.dll
0x00007ffef5fc0000 - 0x00007ffef5fd7000 	C:\Windows\system32\napinsp.dll
0x00007ffef5fa0000 - 0x00007ffef5fbb000 	C:\Windows\system32\pnrpnsp.dll
0x00007fff076e0000 - 0x00007fff076f5000 	C:\Windows\system32\wshbth.dll
0x00007fff07e90000 - 0x00007fff07ead000 	C:\Windows\system32\NLAapi.dll
0x00007fff0bd80000 - 0x00007fff0bdbb000 	C:\Windows\SYSTEM32\IPHLPAPI.DLL
0x00007fff0bdc0000 - 0x00007fff0be8c000 	C:\Windows\SYSTEM32\DNSAPI.dll
0x00007fff0e8f0000 - 0x00007fff0e8f8000 	C:\Windows\System32\NSI.dll
0x00007ffef6010000 - 0x00007ffef6022000 	C:\Windows\System32\winrnr.dll
0x000000006e120000 - 0x000000006e146000 	C:\Program Files\Bonjour\mdnsNSP.dll
0x00007ffef9fe0000 - 0x00007ffef9fea000 	C:\Windows\System32\rasadhlp.dll
0x00007ffefa150000 - 0x00007ffefa1cf000 	C:\Windows\System32\fwpuclnt.dll
0x00007fff0cb10000 - 0x00007fff0cb37000 	C:\Windows\System32\bcrypt.dll

dbghelp: loaded successfully - version: 4.0.5 - missing functions: none
symbol engine: initialized successfully - sym options: 0x614 - pdb path: .;c:\Users\Asus\.vscode\extensions\redhat.java-1.8.0-win32-x64\jre\17.0.3-win32-x86_64\bin;C:\Windows\SYSTEM32;C:\Windows\WinSxS\amd64_microsoft.windows.common-controls_6595b64144ccf1df_6.0.19041.1110_none_60b5254171f9507e;c:\Users\Asus\.vscode\extensions\redhat.java-1.8.0-win32-x64\jre\17.0.3-win32-x86_64\bin\server;C:\Program Files\Bonjour

VM Arguments:
jvm_args: --add-modules=ALL-SYSTEM --add-exports=jdk.compiler/com.sun.tools.javac.file=ALL-UNNAMED --add-exports=jdk.compiler/com.sun.tools.javac.util=ALL-UNNAMED --add-exports=jdk.compiler/com.sun.tools.javac.comp=ALL-UNNAMED --add-exports=jdk.compiler/com.sun.tools.javac.main=ALL-UNNAMED --add-exports=jdk.compiler/com.sun.tools.javac.tree=ALL-UNNAMED --add-exports=jdk.compiler/com.sun.tools.javac.code=ALL-UNNAMED -Dsts.lsp.client=vscode -Dsts.log.file=/dev/null -XX:TieredStopAtLevel=1 -Dspring.config.location=file:c:\Users\Asus\.vscode\extensions\pivotal.vscode-spring-boot-1.36.0\language-server\BOOT-INF\classes\application.properties 
java_command: org.springframework.ide.vscode.boot.app.BootLanguageServerBootApp
java_class_path (initial): c:\Users\Asus\.vscode\extensions\pivotal.vscode-spring-boot-1.36.0\language-server\BOOT-INF\classes;c:\Users\Asus\.vscode\extensions\pivotal.vscode-spring-boot-1.36.0\language-server\BOOT-INF\lib\annotations-23.0.0.jar;c:\Users\Asus\.vscode\extensions\pivotal.vscode-spring-boot-1.36.0\language-server\BOOT-INF\lib\antlr-runtime-3.5.2.jar;c:\Users\Asus\.vscode\extensions\pivotal.vscode-spring-boot-1.36.0\language-server\BOOT-INF\lib\antlr4-4.9.3.jar;c:\Users\Asus\.vscode\extensions\pivotal.vscode-spring-boot-1.36.0\language-server\BOOT-INF\lib\antlr4-runtime-4.9.3.jar;c:\Users\Asus\.vscode\extensions\pivotal.vscode-spring-boot-1.36.0\language-server\BOOT-INF\lib\asm-9.3.jar;c:\Users\Asus\.vscode\extensions\pivotal.vscode-spring-boot-1.36.0\language-server\BOOT-INF\lib\asm-analysis-9.3.jar;c:\Users\Asus\.vscode\extensions\pivotal.vscode-spring-boot-1.36.0\language-server\BOOT-INF\lib\asm-tree-9.3.jar;c:\Users\Asus\.vscode\extensions\pivotal.vscode-spring-boot-1.36.0\language-server\BOOT-INF\lib\asm-util-9.3.jar;c:\Users\Asus\.vscode\extensions\pivotal.vscode-spring-boot-1.36.0\language-server\BOOT-INF\lib\byte-buddy-1.10.18.jar;c:\Users\Asus\.vscode\extensions\pivotal.vscode-spring-boot-1.36.0\language-server\BOOT-INF\lib\caffeine-2.8.6.jar;c:\Users\Asus\.vscode\extensions\pivotal.vscode-spring-boot-1.36.0\language-server\BOOT-INF\lib\checker-qual-3.12.0.jar;c:\Users\Asus\.vscode\extensions\pivotal.vscode-spring-boot-1.36.0\language-server\BOOT-INF\lib\classgraph-4.8.146.jar;c:\Users\Asus\.vscode\extensions\pivotal.vscode-spring-boot-1.36.0\language-server\BOOT-INF\lib\commons-codec-1.14.jar;c:\Users\Asus\.vscode\extensions\pivotal.vscode-spring-boot-1.36.0\language-server\BOOT-INF\lib\commons-compress-1.21.jar;c:\Users\Asus\.vscode\extensions\pivotal.vscode-spring-boot-1.36.0\language-server\BOOT-INF\lib\commons-exec-1.3.jar;c:\Users\Asus\.vscode\extensions\pivotal.vscode-spring-boot-1.36.0\language-server\BOOT-INF\lib\commons-io-2.4.jar;c
Launcher Type: SUN_STANDARD

[Global flags]
     intx CICompilerCount                          = 4                                         {product} {ergonomic}
     uint ConcGCThreads                            = 2                                         {product} {ergonomic}
     uint G1ConcRefinementThreads                  = 8                                         {product} {ergonomic}
   size_t G1HeapRegionSize                         = 1048576                                   {product} {ergonomic}
    uintx GCDrainStackTargetSize                   = 64                                        {product} {ergonomic}
   size_t InitialHeapSize                          = 132120576                                 {product} {ergonomic}
   size_t MarkStackSize                            = 4194304                                   {product} {ergonomic}
   size_t MaxHeapSize                              = 2097152000                                {product} {ergonomic}
   size_t MaxNewSize                               = 1258291200                                {product} {ergonomic}
   size_t MinHeapDeltaBytes                        = 1048576                                   {product} {ergonomic}
   size_t MinHeapSize                              = 8388608                                   {product} {ergonomic}
    uintx NonProfiledCodeHeapSize                  = 0                                      {pd product} {ergonomic}
     bool ProfileInterpreter                       = false                                  {pd product} {command line}
    uintx ProfiledCodeHeapSize                     = 0                                      {pd product} {ergonomic}
   size_t SoftMaxHeapSize                          = 2097152000                             {manageable} {ergonomic}
     intx TieredStopAtLevel                        = 1                                         {product} {command line}
     bool UseCompressedClassPointers               = true                           {product lp64_product} {ergonomic}
     bool UseCompressedOops                        = true                           {product lp64_product} {ergonomic}
     bool UseG1GC                                  = true                                      {product} {ergonomic}
     bool UseLargePagesIndividualAllocation        = false                                  {pd product} {ergonomic}

Logging:
Log output configuration:
 #0: stdout all=warning uptime,level,tags
 #1: stderr all=off uptime,level,tags

Environment Variables:
JAVA_HOME=C:\Program Files\Java\jdk-17.0.3.1
PATH=C:\Program Files\Common Files\Oracle\Java\javapath;C:\Windows\system32;C:\Windows;C:\Windows\System32\Wbem;C:\Windows\System32\WindowsPowerShell\v1.0\;C:\Windows\System32\OpenSSH\;C:\Program Files\Git\cmd;C:\Program Files\dotnet\;C:\Program Files\Java\jdk-17.0.3.1\bin;C:\Gradle\gradle-7.4.2\bin;C:\Program Files\nodejs\;C:\Users\Asus\AppData\Local\Programs\Python\Python310\Scripts\;C:\Users\Asus\AppData\Local\Programs\Python\Python310\;C:\Users\Asus\AppData\Local\Microsoft\WindowsApps;C:\Users\Asus\AppData\Local\Programs\Microsoft VS Code\bin;C:\Program Files\heroku\bin;C:\Users\Asus\AppData\Roaming\npm\node_modules@angular\cli\bin;C:\Users\Asus\AppData\Roaming\npm
USERNAME=Asus
OS=Windows_NT
PROCESSOR_IDENTIFIER=Intel64 Family 6 Model 126 Stepping 5, GenuineIntel



---------------  S Y S T E M  ---------------

OS:
 Windows 10 , 64 bit Build 19041 (10.0.19041.1202)
OS uptime: 0 days 1:45 hours

CPU: total 8 (initial active 8) (4 cores per cpu, 2 threads per core) family 6 model 126 stepping 5 microcode 0xa6, cx8, cmov, fxsr, ht, mmx, 3dnowpref, sse, sse2, sse3, ssse3, sse4.1, sse4.2, popcnt, lzcnt, tsc, tscinvbit, avx, avx2, aes, erms, clmul, bmi1, bmi2, adx, avx512f, avx512dq, avx512cd, avx512bw, avx512vl, sha, fma, vzeroupper, avx512_vpopcntdq, avx512_vpclmulqdq, avx512_vaes, avx512_vnni, clflush, clflushopt, avx512_vbmi2, avx512_vbmi

Memory: 4k page, system-wide physical 7997M (170M free)
TotalPageFile size 16189M (AvailPageFile size 213M)
current process WorkingSet (physical memory assigned to process): 93M, peak: 93M
current process commit charge ("private bytes"): 225M, peak: 225M

vm_info: OpenJDK 64-Bit Server VM (17.0.3+7) for windows-amd64 JRE (17.0.3+7), built on Apr 19 2022 16:55:35 by "" with MS VC++ 16.7 (VS2019)

END.
